<?xml version="1.0" encoding="UTF-8"?>
<!-- Generated by org.testng.reporters.JUnitXMLReporter -->
<testsuite hostname="DESKTOP-6V8SKEO" failures="1" tests="1" name="Test" time="13.731" errors="0" timestamp="24 Mar 2020 19:10:11 GMT">
  <testcase classname="Academy.HomePage" name="homePageTest" time="12.994">
    <failure type="java.lang.AssertionError" message="expected [FEATURED CURSES] but found [FEATURED COURSES]">
      <![CDATA[java.lang.AssertionError: expected [FEATURED CURSES] but found [FEATURED COURSES]
	at Academy.HomePage.homePageTest(HomePage.java:20)
... Removed 31 stack frames]]>
    </failure>
  </testcase> <!-- homePageTest -->
</testsuite> <!-- Test -->
