<?xml version="1.0" encoding="UTF-8"?>
<testng-results ignored="0" total="1" passed="1" failed="0" skipped="0">
  <reporter-output>
  </reporter-output>
  <suite started-at="2020-03-24T21:30:45 IST" name="Suite" finished-at="2020-03-24T21:31:49 IST" duration-ms="64298">
    <groups>
    </groups>
    <test started-at="2020-03-24T21:30:45 IST" name="Test" finished-at="2020-03-24T21:31:49 IST" duration-ms="64298">
      <class name="Academy.HomePage">
        <test-method signature="homePageTest()[pri:0, instance:Academy.HomePage@f0f2775]" started-at="2020-03-24T21:30:45 IST" name="homePageTest" finished-at="2020-03-24T21:31:49 IST" duration-ms="64226" status="PASS">
          <reporter-output>
          </reporter-output>
        </test-method> <!-- homePageTest -->
      </class> <!-- Academy.HomePage -->
    </test> <!-- Test -->
  </suite> <!-- Suite -->
</testng-results>
